<?xml version="1.0" encoding="UTF-8"?>
<!-- Generated by org.testng.reporters.JUnitXMLReporter -->
<testsuite hostname="shubhams-MacBook-Pro.local" ignored="0" name="FrameWork Demo" tests="2" failures="1" timestamp="30 Sep 2020 20:14:17 GMT" time="32.527" errors="0">
  <testcase name="validateCurrentUrl" time="0.194" classname="com.wa.qa.testcases.DashBoardPageTest"/>
  <testcase name="validateToolTipContent" time="0.211" classname="com.wa.qa.testcases.DashBoardPageTest">
    <failure type="java.lang.AssertionError" message="expected [Passing Incorrect values] but found [MyEvive makes it easier to get the most out of your employee benefits. Manage them all in one place, and get personalized tips and health reminders, too.]">
      <![CDATA[java.lang.AssertionError: expected [Passing Incorrect values] but found [MyEvive makes it easier to get the most out of your employee benefits. Manage them all in one place, and get personalized tips and health reminders, too.]
at com.wa.qa.testcases.DashBoardPageTest.validateToolTipContent(DashBoardPageTest.java:40)
... Removed 30 stack frames]]>
    </failure>
  </testcase> <!-- validateToolTipContent -->
</testsuite> <!-- FrameWork Demo -->
